[I 14:24:43.457 NotebookApp] [jupyter_nbextensions_configurator] enabled 0.4.1
[W 14:24:43.458 NotebookApp] Error loading server extension jupyterlab
    Traceback (most recent call last):
      File "/usr/local/lib/python3.7/dist-packages/notebook/notebookapp.py", line 2033, in init_server_extensions
        mod = importlib.import_module(modulename)
      File "/usr/lib/python3.7/importlib/__init__.py", line 127, in import_module
        return _bootstrap._gcd_import(name[level:], package, level)
      File "<frozen importlib._bootstrap>", line 1006, in _gcd_import
      File "<frozen importlib._bootstrap>", line 983, in _find_and_load
      File "<frozen importlib._bootstrap>", line 965, in _find_and_load_unlocked
    ModuleNotFoundError: No module named 'jupyterlab'
[I 14:24:43.459 NotebookApp] Serving notebooks from local directory: /opt/plala-vod-next/notebooks
[I 14:24:43.459 NotebookApp] Jupyter Notebook 6.3.0 is running at:
[I 14:24:43.459 NotebookApp] https://89dbec64ff53:8888/
[I 14:24:43.459 NotebookApp] Use Control-C to stop this server and shut down all kernels (twice to skip confirmation).
[W 14:24:46.826 NotebookApp] SSL Error on 10 ('126.77.138.209', 62440): [SSL: SSLV3_ALERT_CERTIFICATE_UNKNOWN] sslv3 alert certificate unknown (_ssl.c:1091)
[W 14:24:46.861 NotebookApp] 404 GET /api/kernels/d0d0ef6a-0bb0-41d6-93a2-36f849dfdeb2/channels?session_id=45b9bd5f3767438b8d9bdc41406e9c69 (126.77.138.209): Kernel does not exist: d0d0ef6a-0bb0-41d6-93a2-36f849dfdeb2
[W 14:24:46.886 NotebookApp] 404 GET /api/kernels/d0d0ef6a-0bb0-41d6-93a2-36f849dfdeb2/channels?session_id=45b9bd5f3767438b8d9bdc41406e9c69 (126.77.138.209) 26.760000ms referer=None
[W 14:24:47.977 NotebookApp] SSL Error on 11 ('126.77.138.209', 62443): [SSL: SSLV3_ALERT_CERTIFICATE_UNKNOWN] sslv3 alert certificate unknown (_ssl.c:1091)
[W 14:24:47.978 NotebookApp] SSL Error on 10 ('126.77.138.209', 62444): [SSL: SSLV3_ALERT_CERTIFICATE_UNKNOWN] sslv3 alert certificate unknown (_ssl.c:1091)
[W 14:24:50.121 NotebookApp] SSL Error on 12 ('126.77.138.209', 62448): [SSL: SSLV3_ALERT_CERTIFICATE_UNKNOWN] sslv3 alert certificate unknown (_ssl.c:1091)
[W 14:24:50.123 NotebookApp] SSL Error on 13 ('126.77.138.209', 62449): [SSL: SSLV3_ALERT_CERTIFICATE_UNKNOWN] sslv3 alert certificate unknown (_ssl.c:1091)
[W 14:24:50.242 NotebookApp] SSL Error on 12 ('126.77.138.209', 62450): [SSL: SSLV3_ALERT_CERTIFICATE_UNKNOWN] sslv3 alert certificate unknown (_ssl.c:1091)
[W 14:24:50.243 NotebookApp] SSL Error on 13 ('126.77.138.209', 62451): [SSL: SSLV3_ALERT_CERTIFICATE_UNKNOWN] sslv3 alert certificate unknown (_ssl.c:1091)
[W 14:24:50.246 NotebookApp] SSL Error on 14 ('126.77.138.209', 62452): [SSL: SSLV3_ALERT_CERTIFICATE_UNKNOWN] sslv3 alert certificate unknown (_ssl.c:1091)
[W 14:24:50.248 NotebookApp] SSL Error on 15 ('126.77.138.209', 62453): [SSL: SSLV3_ALERT_CERTIFICATE_UNKNOWN] sslv3 alert certificate unknown (_ssl.c:1091)
[W 14:24:50.271 NotebookApp] SSL Error on 14 ('126.77.138.209', 62456): [SSL: SSLV3_ALERT_CERTIFICATE_UNKNOWN] sslv3 alert certificate unknown (_ssl.c:1091)
[W 14:24:50.272 NotebookApp] SSL Error on 15 ('126.77.138.209', 62457): [SSL: SSLV3_ALERT_CERTIFICATE_UNKNOWN] sslv3 alert certificate unknown (_ssl.c:1091)
[W 14:24:50.364 NotebookApp] SSL Error on 14 ('126.77.138.209', 62459): [SSL: SSLV3_ALERT_CERTIFICATE_UNKNOWN] sslv3 alert certificate unknown (_ssl.c:1091)
[W 14:24:50.365 NotebookApp] SSL Error on 15 ('126.77.138.209', 62458): [SSL: SSLV3_ALERT_CERTIFICATE_UNKNOWN] sslv3 alert certificate unknown (_ssl.c:1091)
[I 14:24:54.223 NotebookApp] Creating new notebook in 
[NbConvertApp] Converting notebook Untitled.ipynb to markdown
[NbConvertApp] Writing 0 bytes to Untitled.md
[NbConvertApp] Converting notebook Untitled.ipynb to script
[NbConvertApp] Writing 0 bytes to Untitled.txt
[W 14:24:57.707 NotebookApp] Config option `template_path` not recognized by `ExporterCollapsibleHeadings`.  Did you mean one of: `extra_template_paths, template_name, template_paths`?
[W 14:24:57.717 NotebookApp] Config option `template_path` not recognized by `ExporterCollapsibleHeadings`.  Did you mean one of: `extra_template_paths, template_name, template_paths`?
[W 14:24:57.745 NotebookApp] Config option `template_path` not recognized by `TocExporter`.  Did you mean one of: `extra_template_paths, template_name, template_paths`?
[W 14:24:57.752 NotebookApp] Config option `template_path` not recognized by `TocExporter`.  Did you mean one of: `extra_template_paths, template_name, template_paths`?
[W 14:24:57.764 NotebookApp] Config option `template_path` not recognized by `LenvsHTMLExporter`.  Did you mean one of: `extra_template_paths, template_name, template_paths`?
[W 14:24:57.776 NotebookApp] Config option `template_path` not recognized by `LenvsHTMLExporter`.  Did you mean one of: `extra_template_paths, template_name, template_paths`?
[W 14:24:57.792 NotebookApp] Config option `template_path` not recognized by `LenvsTocHTMLExporter`.  Did you mean one of: `extra_template_paths, template_name, template_paths`?
[W 14:24:57.803 NotebookApp] Config option `template_path` not recognized by `LenvsTocHTMLExporter`.  Did you mean one of: `extra_template_paths, template_name, template_paths`?
[W 14:24:57.840 NotebookApp] Config option `template_path` not recognized by `LenvsLatexExporter`.  Did you mean one of: `extra_template_paths, template_name, template_paths`?
[W 14:24:57.846 NotebookApp] Config option `template_path` not recognized by `LenvsLatexExporter`.  Did you mean one of: `extra_template_paths, template_name, template_paths`?
[W 14:24:58.042 NotebookApp] Config option `template_path` not recognized by `LenvsSlidesExporter`.  Did you mean one of: `extra_template_paths, template_name, template_paths`?
[W 14:24:58.050 NotebookApp] Config option `template_path` not recognized by `LenvsSlidesExporter`.  Did you mean one of: `extra_template_paths, template_name, template_paths`?
[W 14:24:58.143 NotebookApp] Config option `template_path` not recognized by `ExporterCollapsibleHeadings`.  Did you mean one of: `extra_template_paths, template_name, template_paths`?
[W 14:24:58.152 NotebookApp] Config option `template_path` not recognized by `ExporterCollapsibleHeadings`.  Did you mean one of: `extra_template_paths, template_name, template_paths`?
[W 14:24:58.181 NotebookApp] Config option `template_path` not recognized by `TocExporter`.  Did you mean one of: `extra_template_paths, template_name, template_paths`?
[W 14:24:58.187 NotebookApp] Config option `template_path` not recognized by `TocExporter`.  Did you mean one of: `extra_template_paths, template_name, template_paths`?
[W 14:24:58.198 NotebookApp] Config option `template_path` not recognized by `LenvsHTMLExporter`.  Did you mean one of: `extra_template_paths, template_name, template_paths`?
[W 14:24:58.210 NotebookApp] Config option `template_path` not recognized by `LenvsHTMLExporter`.  Did you mean one of: `extra_template_paths, template_name, template_paths`?
[W 14:24:58.225 NotebookApp] Config option `template_path` not recognized by `LenvsTocHTMLExporter`.  Did you mean one of: `extra_template_paths, template_name, template_paths`?
[W 14:24:58.236 NotebookApp] Config option `template_path` not recognized by `LenvsTocHTMLExporter`.  Did you mean one of: `extra_template_paths, template_name, template_paths`?
[W 14:24:58.273 NotebookApp] Config option `template_path` not recognized by `LenvsLatexExporter`.  Did you mean one of: `extra_template_paths, template_name, template_paths`?
[W 14:24:58.279 NotebookApp] Config option `template_path` not recognized by `LenvsLatexExporter`.  Did you mean one of: `extra_template_paths, template_name, template_paths`?
[W 14:24:58.440 NotebookApp] Config option `template_path` not recognized by `LenvsSlidesExporter`.  Did you mean one of: `extra_template_paths, template_name, template_paths`?
[W 14:24:58.447 NotebookApp] Config option `template_path` not recognized by `LenvsSlidesExporter`.  Did you mean one of: `extra_template_paths, template_name, template_paths`?
[I 14:24:58.856 NotebookApp] Kernel started: 9900838c-c3c1-4a34-9047-03e3d50cdb56, name: python3
[W 14:24:59.005 NotebookApp] SSL Error on 17 ('126.77.138.209', 62463): [SSL: SSLV3_ALERT_CERTIFICATE_UNKNOWN] sslv3 alert certificate unknown (_ssl.c:1091)
[W 14:25:03.299 NotebookApp] SSL Error on 44 ('126.77.138.209', 62465): [SSL: SSLV3_ALERT_CERTIFICATE_UNKNOWN] sslv3 alert certificate unknown (_ssl.c:1091)
[W 14:25:03.320 NotebookApp] Replacing stale connection: d0d0ef6a-0bb0-41d6-93a2-36f849dfdeb2:45b9bd5f3767438b8d9bdc41406e9c69
[W 14:26:59.423 NotebookApp] Config option `template_path` not recognized by `ExporterCollapsibleHeadings`.  Did you mean one of: `extra_template_paths, template_name, template_paths`?
[W 14:26:59.432 NotebookApp] Config option `template_path` not recognized by `ExporterCollapsibleHeadings`.  Did you mean one of: `extra_template_paths, template_name, template_paths`?
[W 14:26:59.460 NotebookApp] Config option `template_path` not recognized by `TocExporter`.  Did you mean one of: `extra_template_paths, template_name, template_paths`?
[W 14:26:59.467 NotebookApp] Config option `template_path` not recognized by `TocExporter`.  Did you mean one of: `extra_template_paths, template_name, template_paths`?
[W 14:26:59.477 NotebookApp] Config option `template_path` not recognized by `LenvsHTMLExporter`.  Did you mean one of: `extra_template_paths, template_name, template_paths`?
[W 14:26:59.489 NotebookApp] Config option `template_path` not recognized by `LenvsHTMLExporter`.  Did you mean one of: `extra_template_paths, template_name, template_paths`?
[W 14:26:59.504 NotebookApp] Config option `template_path` not recognized by `LenvsTocHTMLExporter`.  Did you mean one of: `extra_template_paths, template_name, template_paths`?
[W 14:26:59.516 NotebookApp] Config option `template_path` not recognized by `LenvsTocHTMLExporter`.  Did you mean one of: `extra_template_paths, template_name, template_paths`?
[W 14:26:59.552 NotebookApp] Config option `template_path` not recognized by `LenvsLatexExporter`.  Did you mean one of: `extra_template_paths, template_name, template_paths`?
[W 14:26:59.559 NotebookApp] Config option `template_path` not recognized by `LenvsLatexExporter`.  Did you mean one of: `extra_template_paths, template_name, template_paths`?
[W 14:26:59.718 NotebookApp] Config option `template_path` not recognized by `LenvsSlidesExporter`.  Did you mean one of: `extra_template_paths, template_name, template_paths`?
[W 14:26:59.725 NotebookApp] Config option `template_path` not recognized by `LenvsSlidesExporter`.  Did you mean one of: `extra_template_paths, template_name, template_paths`?
[W 14:26:59.817 NotebookApp] Config option `template_path` not recognized by `ExporterCollapsibleHeadings`.  Did you mean one of: `extra_template_paths, template_name, template_paths`?
[W 14:26:59.827 NotebookApp] Config option `template_path` not recognized by `ExporterCollapsibleHeadings`.  Did you mean one of: `extra_template_paths, template_name, template_paths`?
[W 14:26:59.855 NotebookApp] Config option `template_path` not recognized by `TocExporter`.  Did you mean one of: `extra_template_paths, template_name, template_paths`?
[W 14:26:59.861 NotebookApp] Config option `template_path` not recognized by `TocExporter`.  Did you mean one of: `extra_template_paths, template_name, template_paths`?
[W 14:26:59.872 NotebookApp] Config option `template_path` not recognized by `LenvsHTMLExporter`.  Did you mean one of: `extra_template_paths, template_name, template_paths`?
[W 14:26:59.883 NotebookApp] Config option `template_path` not recognized by `LenvsHTMLExporter`.  Did you mean one of: `extra_template_paths, template_name, template_paths`?
[W 14:26:59.899 NotebookApp] Config option `template_path` not recognized by `LenvsTocHTMLExporter`.  Did you mean one of: `extra_template_paths, template_name, template_paths`?
[W 14:26:59.911 NotebookApp] Config option `template_path` not recognized by `LenvsTocHTMLExporter`.  Did you mean one of: `extra_template_paths, template_name, template_paths`?
[W 14:26:59.946 NotebookApp] Config option `template_path` not recognized by `LenvsLatexExporter`.  Did you mean one of: `extra_template_paths, template_name, template_paths`?
[W 14:26:59.953 NotebookApp] Config option `template_path` not recognized by `LenvsLatexExporter`.  Did you mean one of: `extra_template_paths, template_name, template_paths`?
[W 14:27:00.114 NotebookApp] Config option `template_path` not recognized by `LenvsSlidesExporter`.  Did you mean one of: `extra_template_paths, template_name, template_paths`?
[W 14:27:00.122 NotebookApp] Config option `template_path` not recognized by `LenvsSlidesExporter`.  Did you mean one of: `extra_template_paths, template_name, template_paths`?
[I 14:27:00.153 NotebookApp] Saving file at /Untitled.ipynb
[NbConvertApp] Converting notebook Untitled.ipynb to markdown
[NbConvertApp] Writing 15 bytes to Untitled.md
[NbConvertApp] Converting notebook Untitled.ipynb to script
[NbConvertApp] Writing 52 bytes to Untitled.py
[W 14:27:03.900 NotebookApp] Notebook analysis_210429.ipynb is not trusted
[I 14:27:04.268 NotebookApp] Kernel started: ce907615-5a66-4a12-9fb6-299964b63728, name: python3
[W 14:28:05.341 NotebookApp] Config option `template_path` not recognized by `ExporterCollapsibleHeadings`.  Did you mean one of: `extra_template_paths, template_name, template_paths`?
[W 14:28:05.350 NotebookApp] Config option `template_path` not recognized by `ExporterCollapsibleHeadings`.  Did you mean one of: `extra_template_paths, template_name, template_paths`?
[W 14:28:05.379 NotebookApp] Config option `template_path` not recognized by `TocExporter`.  Did you mean one of: `extra_template_paths, template_name, template_paths`?
[W 14:28:05.385 NotebookApp] Config option `template_path` not recognized by `TocExporter`.  Did you mean one of: `extra_template_paths, template_name, template_paths`?
[W 14:28:05.396 NotebookApp] Config option `template_path` not recognized by `LenvsHTMLExporter`.  Did you mean one of: `extra_template_paths, template_name, template_paths`?
[W 14:28:05.408 NotebookApp] Config option `template_path` not recognized by `LenvsHTMLExporter`.  Did you mean one of: `extra_template_paths, template_name, template_paths`?
[W 14:28:05.423 NotebookApp] Config option `template_path` not recognized by `LenvsTocHTMLExporter`.  Did you mean one of: `extra_template_paths, template_name, template_paths`?
[W 14:28:05.435 NotebookApp] Config option `template_path` not recognized by `LenvsTocHTMLExporter`.  Did you mean one of: `extra_template_paths, template_name, template_paths`?
[W 14:28:05.471 NotebookApp] Config option `template_path` not recognized by `LenvsLatexExporter`.  Did you mean one of: `extra_template_paths, template_name, template_paths`?
[W 14:28:05.477 NotebookApp] Config option `template_path` not recognized by `LenvsLatexExporter`.  Did you mean one of: `extra_template_paths, template_name, template_paths`?
[W 14:28:05.636 NotebookApp] Config option `template_path` not recognized by `LenvsSlidesExporter`.  Did you mean one of: `extra_template_paths, template_name, template_paths`?
[W 14:28:05.643 NotebookApp] Config option `template_path` not recognized by `LenvsSlidesExporter`.  Did you mean one of: `extra_template_paths, template_name, template_paths`?
[W 14:28:05.736 NotebookApp] Config option `template_path` not recognized by `ExporterCollapsibleHeadings`.  Did you mean one of: `extra_template_paths, template_name, template_paths`?
[W 14:28:05.745 NotebookApp] Config option `template_path` not recognized by `ExporterCollapsibleHeadings`.  Did you mean one of: `extra_template_paths, template_name, template_paths`?
[W 14:28:05.773 NotebookApp] Config option `template_path` not recognized by `TocExporter`.  Did you mean one of: `extra_template_paths, template_name, template_paths`?
[W 14:28:05.780 NotebookApp] Config option `template_path` not recognized by `TocExporter`.  Did you mean one of: `extra_template_paths, template_name, template_paths`?
[W 14:28:05.790 NotebookApp] Config option `template_path` not recognized by `LenvsHTMLExporter`.  Did you mean one of: `extra_template_paths, template_name, template_paths`?
[W 14:28:05.802 NotebookApp] Config option `template_path` not recognized by `LenvsHTMLExporter`.  Did you mean one of: `extra_template_paths, template_name, template_paths`?
[W 14:28:05.818 NotebookApp] Config option `template_path` not recognized by `LenvsTocHTMLExporter`.  Did you mean one of: `extra_template_paths, template_name, template_paths`?
[W 14:28:05.829 NotebookApp] Config option `template_path` not recognized by `LenvsTocHTMLExporter`.  Did you mean one of: `extra_template_paths, template_name, template_paths`?
[W 14:28:05.865 NotebookApp] Config option `template_path` not recognized by `LenvsLatexExporter`.  Did you mean one of: `extra_template_paths, template_name, template_paths`?
[W 14:28:05.872 NotebookApp] Config option `template_path` not recognized by `LenvsLatexExporter`.  Did you mean one of: `extra_template_paths, template_name, template_paths`?
[W 14:28:06.031 NotebookApp] Config option `template_path` not recognized by `LenvsSlidesExporter`.  Did you mean one of: `extra_template_paths, template_name, template_paths`?
[W 14:28:06.039 NotebookApp] Config option `template_path` not recognized by `LenvsSlidesExporter`.  Did you mean one of: `extra_template_paths, template_name, template_paths`?
[W 14:28:06.679 NotebookApp] Notebook analysis_210429.ipynb is not trusted
[I 14:28:14.160 NotebookApp] Starting buffering for 9900838c-c3c1-4a34-9047-03e3d50cdb56:22c03403ff074eab8ee5cbe01031b5a9
[W 14:28:15.142 NotebookApp] SSL Error on 17 ('126.77.138.209', 62485): [SSL: SSLV3_ALERT_CERTIFICATE_UNKNOWN] sslv3 alert certificate unknown (_ssl.c:1091)
[W 14:28:15.170 NotebookApp] SSL Error on 17 ('126.77.138.209', 62486): [SSL: SSLV3_ALERT_CERTIFICATE_UNKNOWN] sslv3 alert certificate unknown (_ssl.c:1091)
[W 14:28:15.199 NotebookApp] SSL Error on 17 ('126.77.138.209', 62487): [SSL: SSLV3_ALERT_CERTIFICATE_UNKNOWN] sslv3 alert certificate unknown (_ssl.c:1091)
[W 14:28:15.230 NotebookApp] 404 GET /api/kernels/b80052ac-26ed-475e-aad5-9e2920d2c7e2/channels?session_id=399fef77349d4b6491b5f31f68ef13d7 (126.77.138.209): Kernel does not exist: b80052ac-26ed-475e-aad5-9e2920d2c7e2
[W 14:28:15.231 NotebookApp] 404 GET /api/kernels/b80052ac-26ed-475e-aad5-9e2920d2c7e2/channels?session_id=399fef77349d4b6491b5f31f68ef13d7 (126.77.138.209) 3.100000ms referer=None
[W 14:28:15.270 NotebookApp] 404 GET /api/kernels/b80052ac-26ed-475e-aad5-9e2920d2c7e2/channels?session_id=104cee2b5b5147fd884db400dc4b2ba8 (126.77.138.209): Kernel does not exist: b80052ac-26ed-475e-aad5-9e2920d2c7e2
[W 14:28:15.271 NotebookApp] 404 GET /api/kernels/b80052ac-26ed-475e-aad5-9e2920d2c7e2/channels?session_id=104cee2b5b5147fd884db400dc4b2ba8 (126.77.138.209) 2.840000ms referer=None
[W 14:28:29.229 NotebookApp] Config option `template_path` not recognized by `ExporterCollapsibleHeadings`.  Did you mean one of: `extra_template_paths, template_name, template_paths`?
[W 14:28:29.238 NotebookApp] Config option `template_path` not recognized by `ExporterCollapsibleHeadings`.  Did you mean one of: `extra_template_paths, template_name, template_paths`?
[W 14:28:29.267 NotebookApp] Config option `template_path` not recognized by `TocExporter`.  Did you mean one of: `extra_template_paths, template_name, template_paths`?
[W 14:28:29.273 NotebookApp] Config option `template_path` not recognized by `TocExporter`.  Did you mean one of: `extra_template_paths, template_name, template_paths`?
[W 14:28:29.284 NotebookApp] Config option `template_path` not recognized by `LenvsHTMLExporter`.  Did you mean one of: `extra_template_paths, template_name, template_paths`?
[W 14:28:29.296 NotebookApp] Config option `template_path` not recognized by `LenvsHTMLExporter`.  Did you mean one of: `extra_template_paths, template_name, template_paths`?
[W 14:28:29.311 NotebookApp] Config option `template_path` not recognized by `LenvsTocHTMLExporter`.  Did you mean one of: `extra_template_paths, template_name, template_paths`?
[W 14:28:29.323 NotebookApp] Config option `template_path` not recognized by `LenvsTocHTMLExporter`.  Did you mean one of: `extra_template_paths, template_name, template_paths`?
[W 14:28:29.360 NotebookApp] Config option `template_path` not recognized by `LenvsLatexExporter`.  Did you mean one of: `extra_template_paths, template_name, template_paths`?
[W 14:28:29.366 NotebookApp] Config option `template_path` not recognized by `LenvsLatexExporter`.  Did you mean one of: `extra_template_paths, template_name, template_paths`?
[W 14:28:29.529 NotebookApp] Config option `template_path` not recognized by `LenvsSlidesExporter`.  Did you mean one of: `extra_template_paths, template_name, template_paths`?
[W 14:28:29.536 NotebookApp] Config option `template_path` not recognized by `LenvsSlidesExporter`.  Did you mean one of: `extra_template_paths, template_name, template_paths`?
[W 14:28:29.630 NotebookApp] Config option `template_path` not recognized by `ExporterCollapsibleHeadings`.  Did you mean one of: `extra_template_paths, template_name, template_paths`?
[W 14:28:29.639 NotebookApp] Config option `template_path` not recognized by `ExporterCollapsibleHeadings`.  Did you mean one of: `extra_template_paths, template_name, template_paths`?
[W 14:28:29.668 NotebookApp] Config option `template_path` not recognized by `TocExporter`.  Did you mean one of: `extra_template_paths, template_name, template_paths`?
[W 14:28:29.675 NotebookApp] Config option `template_path` not recognized by `TocExporter`.  Did you mean one of: `extra_template_paths, template_name, template_paths`?
[W 14:28:29.686 NotebookApp] Config option `template_path` not recognized by `LenvsHTMLExporter`.  Did you mean one of: `extra_template_paths, template_name, template_paths`?
[W 14:28:29.698 NotebookApp] Config option `template_path` not recognized by `LenvsHTMLExporter`.  Did you mean one of: `extra_template_paths, template_name, template_paths`?
[W 14:28:29.713 NotebookApp] Config option `template_path` not recognized by `LenvsTocHTMLExporter`.  Did you mean one of: `extra_template_paths, template_name, template_paths`?
[W 14:28:29.725 NotebookApp] Config option `template_path` not recognized by `LenvsTocHTMLExporter`.  Did you mean one of: `extra_template_paths, template_name, template_paths`?
[W 14:28:29.761 NotebookApp] Config option `template_path` not recognized by `LenvsLatexExporter`.  Did you mean one of: `extra_template_paths, template_name, template_paths`?
[W 14:28:29.768 NotebookApp] Config option `template_path` not recognized by `LenvsLatexExporter`.  Did you mean one of: `extra_template_paths, template_name, template_paths`?
[W 14:28:29.930 NotebookApp] Config option `template_path` not recognized by `LenvsSlidesExporter`.  Did you mean one of: `extra_template_paths, template_name, template_paths`?
[W 14:28:29.938 NotebookApp] Config option `template_path` not recognized by `LenvsSlidesExporter`.  Did you mean one of: `extra_template_paths, template_name, template_paths`?
[W 14:28:30.431 NotebookApp] Notebook analysis_210429.ipynb is not trusted
[W 14:28:30.883 NotebookApp] SSL Error on 63 ('126.77.138.209', 62496): [SSL: SSLV3_ALERT_CERTIFICATE_UNKNOWN] sslv3 alert certificate unknown (_ssl.c:1091)
[I 14:28:38.539 NotebookApp] Kernel interrupted: ce907615-5a66-4a12-9fb6-299964b63728
[I 14:30:07.520 NotebookApp] Saving file at /analysis_210429.ipynb
[W 14:30:07.521 NotebookApp] Notebook analysis_210429.ipynb is not trusted
[NbConvertApp] Converting notebook analysis_210429.ipynb to markdown
[NbConvertApp] Support files will be in analysis_210429_files/
[NbConvertApp] Making directory analysis_210429_files
[NbConvertApp] Writing 94082 bytes to analysis_210429.md
[NbConvertApp] Converting notebook analysis_210429.ipynb to script
[NbConvertApp] Writing 2817 bytes to analysis_210429.py
[W 14:31:18.182 NotebookApp] Config option `template_path` not recognized by `ExporterCollapsibleHeadings`.  Did you mean one of: `extra_template_paths, template_name, template_paths`?
[W 14:31:18.192 NotebookApp] Config option `template_path` not recognized by `ExporterCollapsibleHeadings`.  Did you mean one of: `extra_template_paths, template_name, template_paths`?
[W 14:31:18.220 NotebookApp] Config option `template_path` not recognized by `TocExporter`.  Did you mean one of: `extra_template_paths, template_name, template_paths`?
[W 14:31:18.227 NotebookApp] Config option `template_path` not recognized by `TocExporter`.  Did you mean one of: `extra_template_paths, template_name, template_paths`?
[W 14:31:18.238 NotebookApp] Config option `template_path` not recognized by `LenvsHTMLExporter`.  Did you mean one of: `extra_template_paths, template_name, template_paths`?
[W 14:31:18.250 NotebookApp] Config option `template_path` not recognized by `LenvsHTMLExporter`.  Did you mean one of: `extra_template_paths, template_name, template_paths`?
[W 14:31:18.265 NotebookApp] Config option `template_path` not recognized by `LenvsTocHTMLExporter`.  Did you mean one of: `extra_template_paths, template_name, template_paths`?
[W 14:31:18.278 NotebookApp] Config option `template_path` not recognized by `LenvsTocHTMLExporter`.  Did you mean one of: `extra_template_paths, template_name, template_paths`?
[W 14:31:18.314 NotebookApp] Config option `template_path` not recognized by `LenvsLatexExporter`.  Did you mean one of: `extra_template_paths, template_name, template_paths`?
[W 14:31:18.320 NotebookApp] Config option `template_path` not recognized by `LenvsLatexExporter`.  Did you mean one of: `extra_template_paths, template_name, template_paths`?
[W 14:31:18.481 NotebookApp] Config option `template_path` not recognized by `LenvsSlidesExporter`.  Did you mean one of: `extra_template_paths, template_name, template_paths`?
[W 14:31:18.488 NotebookApp] Config option `template_path` not recognized by `LenvsSlidesExporter`.  Did you mean one of: `extra_template_paths, template_name, template_paths`?
[W 14:31:18.581 NotebookApp] Config option `template_path` not recognized by `ExporterCollapsibleHeadings`.  Did you mean one of: `extra_template_paths, template_name, template_paths`?
[W 14:31:18.590 NotebookApp] Config option `template_path` not recognized by `ExporterCollapsibleHeadings`.  Did you mean one of: `extra_template_paths, template_name, template_paths`?
[W 14:31:18.618 NotebookApp] Config option `template_path` not recognized by `TocExporter`.  Did you mean one of: `extra_template_paths, template_name, template_paths`?
[W 14:31:18.625 NotebookApp] Config option `template_path` not recognized by `TocExporter`.  Did you mean one of: `extra_template_paths, template_name, template_paths`?
[W 14:31:18.635 NotebookApp] Config option `template_path` not recognized by `LenvsHTMLExporter`.  Did you mean one of: `extra_template_paths, template_name, template_paths`?
[W 14:31:18.647 NotebookApp] Config option `template_path` not recognized by `LenvsHTMLExporter`.  Did you mean one of: `extra_template_paths, template_name, template_paths`?
[W 14:31:18.662 NotebookApp] Config option `template_path` not recognized by `LenvsTocHTMLExporter`.  Did you mean one of: `extra_template_paths, template_name, template_paths`?
[W 14:31:18.674 NotebookApp] Config option `template_path` not recognized by `LenvsTocHTMLExporter`.  Did you mean one of: `extra_template_paths, template_name, template_paths`?
[W 14:31:18.710 NotebookApp] Config option `template_path` not recognized by `LenvsLatexExporter`.  Did you mean one of: `extra_template_paths, template_name, template_paths`?
[W 14:31:18.716 NotebookApp] Config option `template_path` not recognized by `LenvsLatexExporter`.  Did you mean one of: `extra_template_paths, template_name, template_paths`?
[W 14:31:18.875 NotebookApp] Config option `template_path` not recognized by `LenvsSlidesExporter`.  Did you mean one of: `extra_template_paths, template_name, template_paths`?
[W 14:31:18.883 NotebookApp] Config option `template_path` not recognized by `LenvsSlidesExporter`.  Did you mean one of: `extra_template_paths, template_name, template_paths`?
[W 14:31:19.259 NotebookApp] Notebook analysis_210429.ipynb is not trusted
[W 14:31:19.675 NotebookApp] SSL Error on 63 ('126.77.138.209', 62519): [SSL: SSLV3_ALERT_CERTIFICATE_UNKNOWN] sslv3 alert certificate unknown (_ssl.c:1091)
[I 14:32:29.137 NotebookApp] Saving file at /analysis_210429.ipynb
[W 14:32:29.138 NotebookApp] Notebook analysis_210429.ipynb is not trusted
[NbConvertApp] Converting notebook analysis_210429.ipynb to markdown
[NbConvertApp] Support files will be in analysis_210429_files/
[NbConvertApp] Making directory analysis_210429_files
[NbConvertApp] Writing 92281 bytes to analysis_210429.md
[NbConvertApp] Converting notebook analysis_210429.ipynb to script
[NbConvertApp] Writing 2783 bytes to analysis_210429.py
[I 14:33:19.365 NotebookApp] Saving file at /analysis_210429.ipynb
[W 14:33:19.366 NotebookApp] Notebook analysis_210429.ipynb is not trusted
[NbConvertApp] Converting notebook analysis_210429.ipynb to markdown
[NbConvertApp] Support files will be in analysis_210429_files/
[NbConvertApp] Making directory analysis_210429_files
[NbConvertApp] Writing 93544 bytes to analysis_210429.md
[NbConvertApp] Converting notebook analysis_210429.ipynb to script
[NbConvertApp] Writing 2794 bytes to analysis_210429.py
[I 14:33:23.084 NotebookApp] Saving file at /analysis_210429.ipynb
[W 14:33:23.084 NotebookApp] Notebook analysis_210429.ipynb is not trusted
[NbConvertApp] Converting notebook analysis_210429.ipynb to markdown
[NbConvertApp] Support files will be in analysis_210429_files/
[NbConvertApp] Making directory analysis_210429_files
[NbConvertApp] Writing 93544 bytes to analysis_210429.md
[NbConvertApp] Converting notebook analysis_210429.ipynb to script
[NbConvertApp] Writing 2794 bytes to analysis_210429.py
[I 14:35:19.611 NotebookApp] Saving file at /analysis_210429.ipynb
[W 14:35:19.612 NotebookApp] Notebook analysis_210429.ipynb is not trusted
[NbConvertApp] Converting notebook analysis_210429.ipynb to markdown
[NbConvertApp] Support files will be in analysis_210429_files/
[NbConvertApp] Making directory analysis_210429_files
[NbConvertApp] Writing 109798 bytes to analysis_210429.md
[NbConvertApp] Converting notebook analysis_210429.ipynb to script
[NbConvertApp] Writing 15760 bytes to analysis_210429.py
[I 14:37:19.691 NotebookApp] Saving file at /analysis_210429.ipynb
[W 14:37:19.692 NotebookApp] Notebook analysis_210429.ipynb is not trusted
[NbConvertApp] Converting notebook analysis_210429.ipynb to markdown
[NbConvertApp] Writing 111884 bytes to analysis_210429.md
[NbConvertApp] Converting notebook analysis_210429.ipynb to script
[NbConvertApp] Writing 18213 bytes to analysis_210429.py
[I 14:38:31.942 NotebookApp] Saving file at /analysis_210429.ipynb
[W 14:38:31.943 NotebookApp] Notebook analysis_210429.ipynb is not trusted
[NbConvertApp] Converting notebook analysis_210429.ipynb to markdown
[NbConvertApp] Writing 111872 bytes to analysis_210429.md
[NbConvertApp] Converting notebook analysis_210429.ipynb to script
[NbConvertApp] Writing 18203 bytes to analysis_210429.py
[I 14:39:20.356 NotebookApp] Saving file at /analysis_210429.ipynb
[W 14:39:20.357 NotebookApp] Notebook analysis_210429.ipynb is not trusted
[NbConvertApp] Converting notebook analysis_210429.ipynb to markdown
[NbConvertApp] Writing 111604 bytes to analysis_210429.md
[NbConvertApp] Converting notebook analysis_210429.ipynb to script
[NbConvertApp] Writing 17937 bytes to analysis_210429.py
[I 14:39:38.427 NotebookApp] Saving file at /analysis_210429.ipynb
[W 14:39:38.428 NotebookApp] Notebook analysis_210429.ipynb is not trusted
[NbConvertApp] Converting notebook analysis_210429.ipynb to markdown
[NbConvertApp] Writing 111627 bytes to analysis_210429.md
[NbConvertApp] Converting notebook analysis_210429.ipynb to script
[NbConvertApp] Writing 17960 bytes to analysis_210429.py
[I 14:41:19.630 NotebookApp] Saving file at /analysis_210429.ipynb
[W 14:41:19.631 NotebookApp] Notebook analysis_210429.ipynb is not trusted
[NbConvertApp] Converting notebook analysis_210429.ipynb to markdown
[NbConvertApp] Writing 111627 bytes to analysis_210429.md
[NbConvertApp] Converting notebook analysis_210429.ipynb to script
[NbConvertApp] Writing 17960 bytes to analysis_210429.py
[W 14:41:23.443 NotebookApp] SSL Error on 10 ('126.77.138.209', 62633): [SSL: SSLV3_ALERT_CERTIFICATE_UNKNOWN] sslv3 alert certificate unknown (_ssl.c:1091)
[I 14:43:19.625 NotebookApp] Saving file at /analysis_210429.ipynb
[W 14:43:19.625 NotebookApp] Notebook analysis_210429.ipynb is not trusted
[NbConvertApp] Converting notebook analysis_210429.ipynb to markdown
[NbConvertApp] Writing 111761 bytes to analysis_210429.md
[NbConvertApp] Converting notebook analysis_210429.ipynb to script
[NbConvertApp] Writing 18105 bytes to analysis_210429.py
[W 14:43:23.335 NotebookApp] SSL Error on 10 ('126.77.138.209', 62649): [SSL: SSLV3_ALERT_CERTIFICATE_UNKNOWN] sslv3 alert certificate unknown (_ssl.c:1091)
[W 14:43:23.359 NotebookApp] SSL Error on 10 ('126.77.138.209', 62650): [SSL: SSLV3_ALERT_CERTIFICATE_UNKNOWN] sslv3 alert certificate unknown (_ssl.c:1091)
[I 14:43:23.513 NotebookApp] Saving file at /analysis_210429.ipynb
[W 14:43:23.514 NotebookApp] Notebook analysis_210429.ipynb is not trusted
[NbConvertApp] Converting notebook analysis_210429.ipynb to markdown
[NbConvertApp] Writing 111765 bytes to analysis_210429.md
[NbConvertApp] Converting notebook analysis_210429.ipynb to script
[NbConvertApp] Writing 18109 bytes to analysis_210429.py
[I 14:44:13.812 NotebookApp] Saving file at /analysis_210429.ipynb
[W 14:44:13.813 NotebookApp] Notebook analysis_210429.ipynb is not trusted
[NbConvertApp] Converting notebook analysis_210429.ipynb to markdown
[NbConvertApp] Writing 111791 bytes to analysis_210429.md
[NbConvertApp] Converting notebook analysis_210429.ipynb to script
[NbConvertApp] Writing 18135 bytes to analysis_210429.py
[I 14:45:19.700 NotebookApp] Saving file at /analysis_210429.ipynb
[W 14:45:19.701 NotebookApp] Notebook analysis_210429.ipynb is not trusted
[NbConvertApp] Converting notebook analysis_210429.ipynb to markdown
[NbConvertApp] Writing 111780 bytes to analysis_210429.md
[NbConvertApp] Converting notebook analysis_210429.ipynb to script
[NbConvertApp] Writing 18130 bytes to analysis_210429.py
[I 14:46:07.872 NotebookApp] Saving file at /analysis_210429.ipynb
[W 14:46:07.873 NotebookApp] Notebook analysis_210429.ipynb is not trusted
[NbConvertApp] Converting notebook analysis_210429.ipynb to markdown
[NbConvertApp] Writing 111760 bytes to analysis_210429.md
[NbConvertApp] Converting notebook analysis_210429.ipynb to script
[NbConvertApp] Writing 18112 bytes to analysis_210429.py
[I 14:46:50.763 NotebookApp] Saving file at /analysis_210429.ipynb
[W 14:46:50.764 NotebookApp] Notebook analysis_210429.ipynb is not trusted
[NbConvertApp] Converting notebook analysis_210429.ipynb to markdown
[NbConvertApp] Writing 111789 bytes to analysis_210429.md
[NbConvertApp] Converting notebook analysis_210429.ipynb to script
[NbConvertApp] Writing 18141 bytes to analysis_210429.py
[I 14:47:21.338 NotebookApp] Saving file at /analysis_210429.ipynb
[W 14:47:21.339 NotebookApp] Notebook analysis_210429.ipynb is not trusted
[NbConvertApp] Converting notebook analysis_210429.ipynb to markdown
[NbConvertApp] Writing 112307 bytes to analysis_210429.md
[NbConvertApp] Converting notebook analysis_210429.ipynb to script
[NbConvertApp] Writing 18142 bytes to analysis_210429.py
[I 14:48:21.826 NotebookApp] Saving file at /analysis_210429.ipynb
[W 14:48:21.827 NotebookApp] Notebook analysis_210429.ipynb is not trusted
[NbConvertApp] Converting notebook analysis_210429.ipynb to markdown
[NbConvertApp] Writing 112312 bytes to analysis_210429.md
[NbConvertApp] Converting notebook analysis_210429.ipynb to script
[NbConvertApp] Writing 18147 bytes to analysis_210429.py
[I 14:49:19.635 NotebookApp] Saving file at /analysis_210429.ipynb
[W 14:49:19.636 NotebookApp] Notebook analysis_210429.ipynb is not trusted
[NbConvertApp] Converting notebook analysis_210429.ipynb to markdown
[NbConvertApp] Writing 111794 bytes to analysis_210429.md
[NbConvertApp] Converting notebook analysis_210429.ipynb to script
[NbConvertApp] Writing 18146 bytes to analysis_210429.py
[I 14:50:05.163 NotebookApp] Saving file at /analysis_210429.ipynb
[W 14:50:05.164 NotebookApp] Notebook analysis_210429.ipynb is not trusted
[NbConvertApp] Converting notebook analysis_210429.ipynb to markdown
[NbConvertApp] Writing 111739 bytes to analysis_210429.md
[NbConvertApp] Converting notebook analysis_210429.ipynb to script
[NbConvertApp] Writing 18096 bytes to analysis_210429.py
[I 14:50:34.408 NotebookApp] Saving file at /analysis_210429.ipynb
[W 14:50:34.408 NotebookApp] Notebook analysis_210429.ipynb is not trusted
[NbConvertApp] Converting notebook analysis_210429.ipynb to markdown
[NbConvertApp] Writing 111753 bytes to analysis_210429.md
[NbConvertApp] Converting notebook analysis_210429.ipynb to script
[NbConvertApp] Writing 18110 bytes to analysis_210429.py
[I 14:50:40.883 NotebookApp] Saving file at /analysis_210429.ipynb
[W 14:50:40.884 NotebookApp] Notebook analysis_210429.ipynb is not trusted
[NbConvertApp] Converting notebook analysis_210429.ipynb to markdown
[NbConvertApp] Writing 111875 bytes to analysis_210429.md
[NbConvertApp] Converting notebook analysis_210429.ipynb to script
[NbConvertApp] Writing 18232 bytes to analysis_210429.py
[I 14:50:47.516 NotebookApp] Saving file at /analysis_210429.ipynb
[W 14:50:47.516 NotebookApp] Notebook analysis_210429.ipynb is not trusted
[NbConvertApp] Converting notebook analysis_210429.ipynb to markdown
[NbConvertApp] Writing 111875 bytes to analysis_210429.md
[NbConvertApp] Converting notebook analysis_210429.ipynb to script
[NbConvertApp] Writing 18232 bytes to analysis_210429.py
[I 14:51:24.674 NotebookApp] Saving file at /analysis_210429.ipynb
[W 14:51:24.675 NotebookApp] Notebook analysis_210429.ipynb is not trusted
[NbConvertApp] Converting notebook analysis_210429.ipynb to markdown
[NbConvertApp] Writing 110248 bytes to analysis_210429.md
[NbConvertApp] Converting notebook analysis_210429.ipynb to script
[NbConvertApp] Writing 16699 bytes to analysis_210429.py
[W 14:57:53.475 NotebookApp] SSL Error on 10 ('126.77.138.209', 62826): [SSL: SSLV3_ALERT_CERTIFICATE_UNKNOWN] sslv3 alert certificate unknown (_ssl.c:1091)
[I 14:59:19.678 NotebookApp] Saving file at /analysis_210429.ipynb
[W 14:59:19.679 NotebookApp] Notebook analysis_210429.ipynb is not trusted
[NbConvertApp] Converting notebook analysis_210429.ipynb to markdown
[NbConvertApp] Writing 110248 bytes to analysis_210429.md
[NbConvertApp] Converting notebook analysis_210429.ipynb to script
[NbConvertApp] Writing 16700 bytes to analysis_210429.py
[I 14:59:34.536 NotebookApp] Saving file at /analysis_210429.ipynb
[W 14:59:34.537 NotebookApp] Notebook analysis_210429.ipynb is not trusted
[NbConvertApp] Converting notebook analysis_210429.ipynb to markdown
[NbConvertApp] Writing 110244 bytes to analysis_210429.md
[NbConvertApp] Converting notebook analysis_210429.ipynb to script
[NbConvertApp] Writing 16696 bytes to analysis_210429.py
[I 14:59:47.500 NotebookApp] Saving file at /analysis_210429.ipynb
[NbConvertApp] Converting notebook analysis_210429.ipynb to markdown
[NbConvertApp] Writing 108205 bytes to analysis_210429.md
[NbConvertApp] Converting notebook analysis_210429.ipynb to script
[NbConvertApp] Writing 16638 bytes to analysis_210429.py
[I 15:00:05.077 NotebookApp] Saving file at /analysis_210429.ipynb
[NbConvertApp] Converting notebook analysis_210429.ipynb to markdown
[NbConvertApp] Writing 21868 bytes to analysis_210429.md
[NbConvertApp] Converting notebook analysis_210429.ipynb to script
[NbConvertApp] Writing 16637 bytes to analysis_210429.py
[W 15:10:19.652 NotebookApp] SSL Error on 10 ('126.77.138.209', 62961): [SSL: SSLV3_ALERT_CERTIFICATE_UNKNOWN] sslv3 alert certificate unknown (_ssl.c:1091)
[I 15:10:19.723 NotebookApp] Saving file at /analysis_210429.ipynb
[NbConvertApp] Converting notebook analysis_210429.ipynb to markdown
[NbConvertApp] Writing 21887 bytes to analysis_210429.md
[NbConvertApp] Converting notebook analysis_210429.ipynb to script
[NbConvertApp] Writing 16656 bytes to analysis_210429.py
[W 16:15:19.743 NotebookApp] SSL Error on 10 ('126.77.138.209', 63768): [SSL: SSLV3_ALERT_CERTIFICATE_UNKNOWN] sslv3 alert certificate unknown (_ssl.c:1091)
[I 16:15:19.815 NotebookApp] Saving file at /analysis_210429.ipynb
[NbConvertApp] Converting notebook analysis_210429.ipynb to markdown
[NbConvertApp] Writing 23381 bytes to analysis_210429.md
[NbConvertApp] Converting notebook analysis_210429.ipynb to script
[NbConvertApp] Writing 16729 bytes to analysis_210429.py
[I 16:17:19.729 NotebookApp] Saving file at /analysis_210429.ipynb
[NbConvertApp] Converting notebook analysis_210429.ipynb to markdown
[NbConvertApp] Writing 23481 bytes to analysis_210429.md
[NbConvertApp] Converting notebook analysis_210429.ipynb to script
[NbConvertApp] Writing 16829 bytes to analysis_210429.py
[I 16:18:57.126 NotebookApp] Saving file at /analysis_210429.ipynb
[NbConvertApp] Converting notebook analysis_210429.ipynb to markdown
[NbConvertApp] Writing 23849 bytes to analysis_210429.md
[NbConvertApp] Converting notebook analysis_210429.ipynb to script
[NbConvertApp] Writing 17252 bytes to analysis_210429.py
[I 16:19:19.740 NotebookApp] Saving file at /analysis_210429.ipynb
[NbConvertApp] Converting notebook analysis_210429.ipynb to markdown
[NbConvertApp] Writing 23850 bytes to analysis_210429.md
[NbConvertApp] Converting notebook analysis_210429.ipynb to script
[NbConvertApp] Writing 17252 bytes to analysis_210429.py
[I 16:19:47.073 NotebookApp] Saving file at /analysis_210429.ipynb
[NbConvertApp] Converting notebook analysis_210429.ipynb to markdown
[NbConvertApp] Writing 23932 bytes to analysis_210429.md
[NbConvertApp] Converting notebook analysis_210429.ipynb to script
[NbConvertApp] Writing 17334 bytes to analysis_210429.py
[I 16:20:17.974 NotebookApp] Saving file at /analysis_210429.ipynb
[NbConvertApp] Converting notebook analysis_210429.ipynb to markdown
[NbConvertApp] Writing 23880 bytes to analysis_210429.md
[NbConvertApp] Converting notebook analysis_210429.ipynb to script
[NbConvertApp] Writing 17282 bytes to analysis_210429.py
[I 16:20:24.541 NotebookApp] Saving file at /analysis_210429.ipynb
[NbConvertApp] Converting notebook analysis_210429.ipynb to markdown
[NbConvertApp] Writing 23866 bytes to analysis_210429.md
[NbConvertApp] Converting notebook analysis_210429.ipynb to script
[NbConvertApp] Writing 17268 bytes to analysis_210429.py
[I 16:21:19.749 NotebookApp] Saving file at /analysis_210429.ipynb
[NbConvertApp] Converting notebook analysis_210429.ipynb to markdown
[NbConvertApp] Writing 24013 bytes to analysis_210429.md
[NbConvertApp] Converting notebook analysis_210429.ipynb to script
[NbConvertApp] Writing 17290 bytes to analysis_210429.py
[I 16:23:19.734 NotebookApp] Saving file at /analysis_210429.ipynb
[NbConvertApp] Converting notebook analysis_210429.ipynb to markdown
[NbConvertApp] Writing 24211 bytes to analysis_210429.md
[NbConvertApp] Converting notebook analysis_210429.ipynb to script
[NbConvertApp] Writing 17353 bytes to analysis_210429.py
[W 16:28:48.056 NotebookApp] SSL Error on 10 ('126.77.138.209', 63878): [SSL: SSLV3_ALERT_CERTIFICATE_UNKNOWN] sslv3 alert certificate unknown (_ssl.c:1091)
[I 16:29:19.762 NotebookApp] Saving file at /analysis_210429.ipynb
[NbConvertApp] Converting notebook analysis_210429.ipynb to markdown
[NbConvertApp] Writing 20215 bytes to analysis_210429.md
[NbConvertApp] Converting notebook analysis_210429.ipynb to script
[NbConvertApp] Writing 17387 bytes to analysis_210429.py
[I 16:31:21.215 NotebookApp] Saving file at /analysis_210429.ipynb
[NbConvertApp] Converting notebook analysis_210429.ipynb to markdown
[NbConvertApp] Writing 20237 bytes to analysis_210429.md
[NbConvertApp] Converting notebook analysis_210429.ipynb to script
[NbConvertApp] Writing 17409 bytes to analysis_210429.py
[I 16:33:19.744 NotebookApp] Saving file at /analysis_210429.ipynb
[NbConvertApp] Converting notebook analysis_210429.ipynb to markdown
[NbConvertApp] Writing 24239 bytes to analysis_210429.md
[NbConvertApp] Converting notebook analysis_210429.ipynb to script
[NbConvertApp] Writing 17309 bytes to analysis_210429.py
[I 17:15:08.061 NotebookApp] 302 GET / (162.142.125.53) 0.930000ms
[I 17:15:09.475 NotebookApp] 302 GET / (162.142.125.53) 0.510000ms
[I 17:15:11.093 NotebookApp] 302 GET /tree (162.142.125.53) 1.150000ms
[W 17:18:13.904 NotebookApp] SSL Error on 10 ('126.77.138.209', 65248): [SSL: SSLV3_ALERT_CERTIFICATE_UNKNOWN] sslv3 alert certificate unknown (_ssl.c:1091)
[W 17:18:13.905 NotebookApp] SSL Error on 11 ('126.77.138.209', 65249): [SSL: SSLV3_ALERT_CERTIFICATE_UNKNOWN] sslv3 alert certificate unknown (_ssl.c:1091)
[I 17:19:19.846 NotebookApp] Saving file at /analysis_210429.ipynb
[NbConvertApp] Converting notebook analysis_210429.ipynb to markdown
[NbConvertApp] Writing 24239 bytes to analysis_210429.md
[NbConvertApp] Converting notebook analysis_210429.ipynb to script
[NbConvertApp] Writing 17309 bytes to analysis_210429.py
[W 17:56:45.058 NotebookApp] SSL Error on 10 ('185.173.35.41', 56599): [SSL: HTTP_REQUEST] http request (_ssl.c:1091)
[W 21:37:45.750 NotebookApp] SSL Error on 10 ('125.64.94.136', 46286): [SSL: HTTP_REQUEST] http request (_ssl.c:1091)
[W 21:40:36.726 NotebookApp] SSL Error on 10 ('209.17.97.122', 38841): [SSL: HTTP_REQUEST] http request (_ssl.c:1091)
[W 21:46:46.357 NotebookApp] SSL Error on 10 ('209.17.97.26', 51662): [SSL: HTTP_REQUEST] http request (_ssl.c:1091)
[I 21:57:45.061 NotebookApp] 302 GET / (74.120.14.38) 1.070000ms
[I 21:57:45.723 NotebookApp] 302 GET / (74.120.14.38) 0.530000ms
[I 21:57:46.276 NotebookApp] 302 GET /tree (74.120.14.38) 1.030000ms
[I 00:59:57.673 NotebookApp] 302 GET / (167.248.133.56) 0.720000ms
[I 00:59:58.217 NotebookApp] 302 GET / (167.248.133.56) 0.550000ms
[I 00:59:58.760 NotebookApp] 302 GET /tree (167.248.133.56) 0.830000ms
[W 01:04:18.324 NotebookApp] SSL Error on 10 ('51.15.140.203', 48950): [SSL: HTTP_REQUEST] http request (_ssl.c:1091)
[I 03:17:34.150 NotebookApp] Starting buffering for ce907615-5a66-4a12-9fb6-299964b63728:2de9eea3200242dfa2e3d4d7b4e43c7e
[W 03:17:36.871 NotebookApp] SSL Error on 10 ('126.77.138.209', 53894): [SSL: SSLV3_ALERT_CERTIFICATE_UNKNOWN] sslv3 alert certificate unknown (_ssl.c:1091)
[I 03:17:36.904 NotebookApp] Restoring connection for ce907615-5a66-4a12-9fb6-299964b63728:2de9eea3200242dfa2e3d4d7b4e43c7e
[W 03:19:20.657 NotebookApp] SSL Error on 11 ('126.77.138.209', 53950): [SSL: SSLV3_ALERT_CERTIFICATE_UNKNOWN] sslv3 alert certificate unknown (_ssl.c:1091)
[I 03:19:20.769 NotebookApp] Saving file at /analysis_210429.ipynb
[NbConvertApp] Converting notebook analysis_210429.ipynb to markdown
[NbConvertApp] Writing 24272 bytes to analysis_210429.md
[NbConvertApp] Converting notebook analysis_210429.ipynb to script
[NbConvertApp] Writing 17327 bytes to analysis_210429.py
[I 03:20:54.721 NotebookApp] Saving file at /analysis_210429.ipynb
[NbConvertApp] Converting notebook analysis_210429.ipynb to markdown
[NbConvertApp] Writing 17079 bytes to analysis_210429.md
[NbConvertApp] Converting notebook analysis_210429.ipynb to script
[NbConvertApp] Writing 17392 bytes to analysis_210429.py
[W 03:20:58.106 NotebookApp] SSL Error on 12 ('126.77.138.209', 53965): [SSL: SSLV3_ALERT_CERTIFICATE_UNKNOWN] sslv3 alert certificate unknown (_ssl.c:1091)
[I 03:20:58.154 NotebookApp] Saving file at /analysis_210429.ipynb
[NbConvertApp] Converting notebook analysis_210429.ipynb to markdown
[NbConvertApp] Writing 17079 bytes to analysis_210429.md
[NbConvertApp] Converting notebook analysis_210429.ipynb to script
[NbConvertApp] Writing 17392 bytes to analysis_210429.py
[W 03:21:01.585 NotebookApp] SSL Error on 12 ('126.77.138.209', 53966): [SSL: SSLV3_ALERT_CERTIFICATE_UNKNOWN] sslv3 alert certificate unknown (_ssl.c:1091)
[I 03:21:20.629 NotebookApp] Saving file at /analysis_210429.ipynb
[NbConvertApp] Converting notebook analysis_210429.ipynb to markdown
[NbConvertApp] Writing 17079 bytes to analysis_210429.md
[NbConvertApp] Converting notebook analysis_210429.ipynb to script
[NbConvertApp] Writing 17393 bytes to analysis_210429.py
[I 03:23:43.269 NotebookApp] KernelRestarter: restarting kernel (1/5), keep random ports
WARNING:root:kernel ce907615-5a66-4a12-9fb6-299964b63728 restarted
[I 03:25:20.629 NotebookApp] Saving file at /analysis_210429.ipynb
[NbConvertApp] Converting notebook analysis_210429.ipynb to markdown
[NbConvertApp] Writing 17147 bytes to analysis_210429.md
[NbConvertApp] Converting notebook analysis_210429.ipynb to script
[NbConvertApp] Writing 17452 bytes to analysis_210429.py
[I 03:27:21.351 NotebookApp] Saving file at /analysis_210429.ipynb
[NbConvertApp] Converting notebook analysis_210429.ipynb to markdown
[NbConvertApp] Writing 20382 bytes to analysis_210429.md
[NbConvertApp] Converting notebook analysis_210429.ipynb to script
[NbConvertApp] Writing 17367 bytes to analysis_210429.py
[I 03:29:20.632 NotebookApp] Saving file at /analysis_210429.ipynb
[NbConvertApp] Converting notebook analysis_210429.ipynb to markdown
[NbConvertApp] Writing 21679 bytes to analysis_210429.md
[NbConvertApp] Converting notebook analysis_210429.ipynb to script
[NbConvertApp] Writing 17466 bytes to analysis_210429.py
[I 03:30:10.540 NotebookApp] Saving file at /analysis_210429.ipynb
[NbConvertApp] Converting notebook analysis_210429.ipynb to markdown
[NbConvertApp] Writing 21922 bytes to analysis_210429.md
[NbConvertApp] Converting notebook analysis_210429.ipynb to script
[NbConvertApp] Writing 17709 bytes to analysis_210429.py
[I 03:31:20.638 NotebookApp] Saving file at /analysis_210429.ipynb
[NbConvertApp] Converting notebook analysis_210429.ipynb to markdown
[NbConvertApp] Writing 21916 bytes to analysis_210429.md
[NbConvertApp] Converting notebook analysis_210429.ipynb to script
[NbConvertApp] Writing 17702 bytes to analysis_210429.py
[I 03:32:36.371 NotebookApp] Saving file at /analysis_210429.ipynb
[NbConvertApp] Converting notebook analysis_210429.ipynb to markdown
[NbConvertApp] Writing 22021 bytes to analysis_210429.md
[NbConvertApp] Converting notebook analysis_210429.ipynb to script
[NbConvertApp] Writing 17808 bytes to analysis_210429.py
[I 03:33:20.762 NotebookApp] Saving file at /analysis_210429.ipynb
[NbConvertApp] Converting notebook analysis_210429.ipynb to markdown
[NbConvertApp] Writing 22055 bytes to analysis_210429.md
[NbConvertApp] Converting notebook analysis_210429.ipynb to script
[NbConvertApp] Writing 17842 bytes to analysis_210429.py
[I 03:34:13.004 NotebookApp] Saving file at /analysis_210429.ipynb
[NbConvertApp] Converting notebook analysis_210429.ipynb to markdown
[NbConvertApp] Writing 22169 bytes to analysis_210429.md
[NbConvertApp] Converting notebook analysis_210429.ipynb to script
[NbConvertApp] Writing 17953 bytes to analysis_210429.py
[I 03:34:33.053 NotebookApp] Saving file at /analysis_210429.ipynb
[NbConvertApp] Converting notebook analysis_210429.ipynb to markdown
[NbConvertApp] Writing 22184 bytes to analysis_210429.md
[NbConvertApp] Converting notebook analysis_210429.ipynb to script
[NbConvertApp] Writing 17968 bytes to analysis_210429.py
[I 03:35:19.708 NotebookApp] Saving file at /analysis_210429.ipynb
[NbConvertApp] Converting notebook analysis_210429.ipynb to markdown
[NbConvertApp] Writing 22267 bytes to analysis_210429.md
[NbConvertApp] Converting notebook analysis_210429.ipynb to script
[NbConvertApp] Writing 18044 bytes to analysis_210429.py
[W 03:35:23.248 NotebookApp] SSL Error on 48 ('126.77.138.209', 54092): [SSL: SSLV3_ALERT_CERTIFICATE_UNKNOWN] sslv3 alert certificate unknown (_ssl.c:1091)
[W 03:35:23.274 NotebookApp] SSL Error on 48 ('126.77.138.209', 54094): [SSL: SSLV3_ALERT_CERTIFICATE_UNKNOWN] sslv3 alert certificate unknown (_ssl.c:1091)
[I 03:35:23.279 NotebookApp] Saving file at /analysis_210429.ipynb
[NbConvertApp] Converting notebook analysis_210429.ipynb to markdown
[NbConvertApp] Writing 22267 bytes to analysis_210429.md
[NbConvertApp] Converting notebook analysis_210429.ipynb to script
[NbConvertApp] Writing 18044 bytes to analysis_210429.py
[W 03:35:26.799 NotebookApp] SSL Error on 51 ('126.77.138.209', 54095): [SSL: SSLV3_ALERT_CERTIFICATE_UNKNOWN] sslv3 alert certificate unknown (_ssl.c:1091)
[I 03:41:25.691 NotebookApp] Saving file at /analysis_210429.ipynb
[NbConvertApp] Converting notebook analysis_210429.ipynb to markdown
[NbConvertApp] Writing 22296 bytes to analysis_210429.md
[NbConvertApp] Converting notebook analysis_210429.ipynb to script
[NbConvertApp] Writing 18046 bytes to analysis_210429.py
[W 03:51:07.010 NotebookApp] SSL Error on 11 ('126.77.138.209', 54370): [SSL: SSLV3_ALERT_CERTIFICATE_UNKNOWN] sslv3 alert certificate unknown (_ssl.c:1091)
[W 03:51:07.024 NotebookApp] SSL Error on 11 ('126.77.138.209', 54371): [SSL: SSLV3_ALERT_CERTIFICATE_UNKNOWN] sslv3 alert certificate unknown (_ssl.c:1091)
[I 03:51:20.706 NotebookApp] Saving file at /analysis_210429.ipynb
[NbConvertApp] Converting notebook analysis_210429.ipynb to markdown
[NbConvertApp] Writing 22941 bytes to analysis_210429.md
[NbConvertApp] Converting notebook analysis_210429.ipynb to script
[NbConvertApp] Writing 17978 bytes to analysis_210429.py
[I 03:53:20.695 NotebookApp] Saving file at /analysis_210429.ipynb
[NbConvertApp] Converting notebook analysis_210429.ipynb to markdown
[NbConvertApp] Writing 109614 bytes to analysis_210429.md
[NbConvertApp] Converting notebook analysis_210429.ipynb to script
[NbConvertApp] Writing 18028 bytes to analysis_210429.py
[I 03:55:02.743 NotebookApp] Saving file at /analysis_210429.ipynb
[NbConvertApp] Converting notebook analysis_210429.ipynb to markdown
[NbConvertApp] Writing 108886 bytes to analysis_210429.md
[NbConvertApp] Converting notebook analysis_210429.ipynb to script
[NbConvertApp] Writing 18014 bytes to analysis_210429.py
[I 03:55:20.668 NotebookApp] Saving file at /analysis_210429.ipynb
[NbConvertApp] Converting notebook analysis_210429.ipynb to markdown
[NbConvertApp] Writing 111302 bytes to analysis_210429.md
[NbConvertApp] Converting notebook analysis_210429.ipynb to script
[NbConvertApp] Writing 18043 bytes to analysis_210429.py
[I 03:55:42.350 NotebookApp] Saving file at /analysis_210429.ipynb
[NbConvertApp] Converting notebook analysis_210429.ipynb to markdown
[NbConvertApp] Writing 111273 bytes to analysis_210429.md
[NbConvertApp] Converting notebook analysis_210429.ipynb to script
[NbConvertApp] Writing 18014 bytes to analysis_210429.py
[I 03:57:20.685 NotebookApp] Saving file at /analysis_210429.ipynb
[NbConvertApp] Converting notebook analysis_210429.ipynb to markdown
[NbConvertApp] Writing 111296 bytes to analysis_210429.md
[NbConvertApp] Converting notebook analysis_210429.ipynb to script
[NbConvertApp] Writing 18037 bytes to analysis_210429.py
[I 03:59:20.721 NotebookApp] Saving file at /analysis_210429.ipynb
[NbConvertApp] Converting notebook analysis_210429.ipynb to markdown
[NbConvertApp] Writing 109272 bytes to analysis_210429.md
[NbConvertApp] Converting notebook analysis_210429.ipynb to script
[NbConvertApp] Writing 18223 bytes to analysis_210429.py
[I 04:00:15.298 NotebookApp] Saving file at /analysis_210429.ipynb
[NbConvertApp] Converting notebook analysis_210429.ipynb to markdown
[NbConvertApp] Writing 109826 bytes to analysis_210429.md
[NbConvertApp] Converting notebook analysis_210429.ipynb to script
[NbConvertApp] Writing 18245 bytes to analysis_210429.py
[I 04:00:39.427 NotebookApp] Saving file at /analysis_210429.ipynb
[NbConvertApp] Converting notebook analysis_210429.ipynb to markdown
[NbConvertApp] Writing 109992 bytes to analysis_210429.md
[NbConvertApp] Converting notebook analysis_210429.ipynb to script
[NbConvertApp] Writing 18227 bytes to analysis_210429.py
[I 04:02:58.682 NotebookApp] Saving file at /analysis_210429.ipynb
[NbConvertApp] Converting notebook analysis_210429.ipynb to markdown
[NbConvertApp] Writing 109813 bytes to analysis_210429.md
[NbConvertApp] Converting notebook analysis_210429.ipynb to script
[NbConvertApp] Writing 18243 bytes to analysis_210429.py
[W 04:03:02.235 NotebookApp] SSL Error on 11 ('126.77.138.209', 54468): [SSL: SSLV3_ALERT_CERTIFICATE_UNKNOWN] sslv3 alert certificate unknown (_ssl.c:1091)
[W 04:03:02.261 NotebookApp] SSL Error on 11 ('126.77.138.209', 54469): [SSL: SSLV3_ALERT_CERTIFICATE_UNKNOWN] sslv3 alert certificate unknown (_ssl.c:1091)
[I 04:03:02.272 NotebookApp] Saving file at /analysis_210429.ipynb
[NbConvertApp] Converting notebook analysis_210429.ipynb to markdown
[NbConvertApp] Writing 109818 bytes to analysis_210429.md
[NbConvertApp] Converting notebook analysis_210429.ipynb to script
[NbConvertApp] Writing 18248 bytes to analysis_210429.py
[I 04:03:20.683 NotebookApp] Saving file at /analysis_210429.ipynb
[NbConvertApp] Converting notebook analysis_210429.ipynb to markdown
[NbConvertApp] Writing 109967 bytes to analysis_210429.md
[NbConvertApp] Converting notebook analysis_210429.ipynb to script
[NbConvertApp] Writing 18258 bytes to analysis_210429.py
[I 04:04:41.171 NotebookApp] Saving file at /analysis_210429.ipynb
[NbConvertApp] Converting notebook analysis_210429.ipynb to markdown
[NbConvertApp] Writing 110869 bytes to analysis_210429.md
[NbConvertApp] Converting notebook analysis_210429.ipynb to script
[NbConvertApp] Writing 18326 bytes to analysis_210429.py
[I 04:05:11.416 NotebookApp] Saving file at /analysis_210429.ipynb
[NbConvertApp] Converting notebook analysis_210429.ipynb to markdown
[NbConvertApp] Writing 126753 bytes to analysis_210429.md
[NbConvertApp] Converting notebook analysis_210429.ipynb to script
[NbConvertApp] Writing 18303 bytes to analysis_210429.py
[I 04:05:20.677 NotebookApp] Saving file at /analysis_210429.ipynb
[NbConvertApp] Converting notebook analysis_210429.ipynb to markdown
[NbConvertApp] Writing 134273 bytes to analysis_210429.md
[NbConvertApp] Converting notebook analysis_210429.ipynb to script
[NbConvertApp] Writing 18326 bytes to analysis_210429.py
[I 04:07:20.746 NotebookApp] Saving file at /analysis_210429.ipynb
[NbConvertApp] Converting notebook analysis_210429.ipynb to markdown
[NbConvertApp] Writing 141608 bytes to analysis_210429.md
[NbConvertApp] Converting notebook analysis_210429.ipynb to script
[NbConvertApp] Writing 18141 bytes to analysis_210429.py
[I 04:09:20.788 NotebookApp] Saving file at /analysis_210429.ipynb
[NbConvertApp] Converting notebook analysis_210429.ipynb to markdown
[NbConvertApp] Writing 231770 bytes to analysis_210429.md
[NbConvertApp] Converting notebook analysis_210429.ipynb to script
[NbConvertApp] Writing 18243 bytes to analysis_210429.py
[I 04:10:12.420 NotebookApp] Saving file at /analysis_210429.ipynb
[NbConvertApp] Converting notebook analysis_210429.ipynb to markdown
[NbConvertApp] Writing 231914 bytes to analysis_210429.md
[NbConvertApp] Converting notebook analysis_210429.ipynb to script
[NbConvertApp] Writing 18259 bytes to analysis_210429.py
[I 04:11:01.010 NotebookApp] Saving file at /analysis_210429.ipynb
[NbConvertApp] Converting notebook analysis_210429.ipynb to markdown
[NbConvertApp] Writing 231896 bytes to analysis_210429.md
[NbConvertApp] Converting notebook analysis_210429.ipynb to script
[NbConvertApp] Writing 18280 bytes to analysis_210429.py
[I 04:11:20.712 NotebookApp] Saving file at /analysis_210429.ipynb
[NbConvertApp] Converting notebook analysis_210429.ipynb to markdown
[NbConvertApp] Writing 231918 bytes to analysis_210429.md
[NbConvertApp] Converting notebook analysis_210429.ipynb to script
[NbConvertApp] Writing 18280 bytes to analysis_210429.py
[I 04:11:32.547 NotebookApp] Saving file at /analysis_210429.ipynb
[NbConvertApp] Converting notebook analysis_210429.ipynb to markdown
[NbConvertApp] Writing 231939 bytes to analysis_210429.md
[NbConvertApp] Converting notebook analysis_210429.ipynb to script
[NbConvertApp] Writing 18301 bytes to analysis_210429.py
[I 04:13:20.694 NotebookApp] Saving file at /analysis_210429.ipynb
[NbConvertApp] Converting notebook analysis_210429.ipynb to markdown
[NbConvertApp] Writing 22755 bytes to analysis_210429.md
[NbConvertApp] Converting notebook analysis_210429.ipynb to script
[NbConvertApp] Writing 18295 bytes to analysis_210429.py
[I 04:15:20.688 NotebookApp] Saving file at /analysis_210429.ipynb
[NbConvertApp] Converting notebook analysis_210429.ipynb to markdown
[NbConvertApp] Writing 22830 bytes to analysis_210429.md
[NbConvertApp] Converting notebook analysis_210429.ipynb to script
[NbConvertApp] Writing 18396 bytes to analysis_210429.py
[I 04:15:41.718 NotebookApp] Saving file at /analysis_210429.ipynb
[NbConvertApp] Converting notebook analysis_210429.ipynb to markdown
[NbConvertApp] Writing 22990 bytes to analysis_210429.md
[NbConvertApp] Converting notebook analysis_210429.ipynb to script
[NbConvertApp] Writing 18417 bytes to analysis_210429.py
[I 04:17:21.078 NotebookApp] Saving file at /analysis_210429.ipynb
[NbConvertApp] Converting notebook analysis_210429.ipynb to markdown
[NbConvertApp] Writing 22892 bytes to analysis_210429.md
[NbConvertApp] Converting notebook analysis_210429.ipynb to script
[NbConvertApp] Writing 18416 bytes to analysis_210429.py
[I 04:19:20.731 NotebookApp] Saving file at /analysis_210429.ipynb
[NbConvertApp] Converting notebook analysis_210429.ipynb to markdown
[NbConvertApp] Writing 23056 bytes to analysis_210429.md
[NbConvertApp] Converting notebook analysis_210429.ipynb to script
[NbConvertApp] Writing 18417 bytes to analysis_210429.py
[W 04:25:20.723 NotebookApp] SSL Error on 11 ('126.77.138.209', 54759): [SSL: SSLV3_ALERT_CERTIFICATE_UNKNOWN] sslv3 alert certificate unknown (_ssl.c:1091)
[I 04:25:20.791 NotebookApp] Saving file at /analysis_210429.ipynb
[NbConvertApp] Converting notebook analysis_210429.ipynb to markdown
[NbConvertApp] Writing 23073 bytes to analysis_210429.md
[NbConvertApp] Converting notebook analysis_210429.ipynb to script
[NbConvertApp] Writing 18434 bytes to analysis_210429.py
[I 04:27:20.717 NotebookApp] Saving file at /analysis_210429.ipynb
[NbConvertApp] Converting notebook analysis_210429.ipynb to markdown
[NbConvertApp] Writing 23326 bytes to analysis_210429.md
[NbConvertApp] Converting notebook analysis_210429.ipynb to script
[NbConvertApp] Writing 18687 bytes to analysis_210429.py
[I 04:28:44.942 NotebookApp] Saving file at /analysis_210429.ipynb
[NbConvertApp] Converting notebook analysis_210429.ipynb to markdown
[NbConvertApp] Writing 23451 bytes to analysis_210429.md
[NbConvertApp] Converting notebook analysis_210429.ipynb to script
[NbConvertApp] Writing 18812 bytes to analysis_210429.py
[I 04:29:20.703 NotebookApp] Saving file at /analysis_210429.ipynb
[NbConvertApp] Converting notebook analysis_210429.ipynb to markdown
[NbConvertApp] Writing 23511 bytes to analysis_210429.md
[NbConvertApp] Converting notebook analysis_210429.ipynb to script
[NbConvertApp] Writing 18811 bytes to analysis_210429.py
[I 04:30:38.851 NotebookApp] Saving file at /analysis_210429.ipynb
[NbConvertApp] Converting notebook analysis_210429.ipynb to markdown
[NbConvertApp] Writing 23784 bytes to analysis_210429.md
[NbConvertApp] Converting notebook analysis_210429.ipynb to script
[NbConvertApp] Writing 18807 bytes to analysis_210429.py
[I 04:33:21.067 NotebookApp] Saving file at /analysis_210429.ipynb
[NbConvertApp] Converting notebook analysis_210429.ipynb to markdown
[NbConvertApp] Writing 23858 bytes to analysis_210429.md
[NbConvertApp] Converting notebook analysis_210429.ipynb to script
[NbConvertApp] Writing 18896 bytes to analysis_210429.py
[I 04:35:20.722 NotebookApp] Saving file at /analysis_210429.ipynb
[NbConvertApp] Converting notebook analysis_210429.ipynb to markdown
[NbConvertApp] Writing 23892 bytes to analysis_210429.md
[NbConvertApp] Converting notebook analysis_210429.ipynb to script
[NbConvertApp] Writing 18930 bytes to analysis_210429.py
[I 04:37:14.777 NotebookApp] Saving file at /analysis_210429.ipynb
[NbConvertApp] Converting notebook analysis_210429.ipynb to markdown
[NbConvertApp] Writing 23899 bytes to analysis_210429.md
[NbConvertApp] Converting notebook analysis_210429.ipynb to script
[NbConvertApp] Writing 18937 bytes to analysis_210429.py
[I 04:37:54.722 NotebookApp] Saving file at /analysis_210429.ipynb
[NbConvertApp] Converting notebook analysis_210429.ipynb to markdown
[NbConvertApp] Writing 23898 bytes to analysis_210429.md
[NbConvertApp] Converting notebook analysis_210429.ipynb to script
[NbConvertApp] Writing 18932 bytes to analysis_210429.py
[I 04:40:31.289 NotebookApp] Saving file at /analysis_210429.ipynb
[NbConvertApp] Converting notebook analysis_210429.ipynb to markdown
[NbConvertApp] Writing 23984 bytes to analysis_210429.md
[NbConvertApp] Converting notebook analysis_210429.ipynb to script
[NbConvertApp] Writing 19020 bytes to analysis_210429.py
[I 04:41:20.736 NotebookApp] Saving file at /analysis_210429.ipynb
[NbConvertApp] Converting notebook analysis_210429.ipynb to markdown
[NbConvertApp] Writing 23988 bytes to analysis_210429.md
[NbConvertApp] Converting notebook analysis_210429.ipynb to script
[NbConvertApp] Writing 19024 bytes to analysis_210429.py
[I 04:43:08.359 NotebookApp] Saving file at /analysis_210429.ipynb
[NbConvertApp] Converting notebook analysis_210429.ipynb to markdown
[NbConvertApp] Writing 24127 bytes to analysis_210429.md
[NbConvertApp] Converting notebook analysis_210429.ipynb to script
[NbConvertApp] Writing 19163 bytes to analysis_210429.py
[I 04:43:20.738 NotebookApp] Saving file at /analysis_210429.ipynb
[NbConvertApp] Converting notebook analysis_210429.ipynb to markdown
[NbConvertApp] Writing 24219 bytes to analysis_210429.md
[NbConvertApp] Converting notebook analysis_210429.ipynb to script
[NbConvertApp] Writing 19255 bytes to analysis_210429.py
[W 04:43:24.267 NotebookApp] SSL Error on 48 ('126.77.138.209', 54941): [SSL: SSLV3_ALERT_CERTIFICATE_UNKNOWN] sslv3 alert certificate unknown (_ssl.c:1091)
[I 04:43:24.308 NotebookApp] Saving file at /analysis_210429.ipynb
[NbConvertApp] Converting notebook analysis_210429.ipynb to markdown
[NbConvertApp] Writing 24219 bytes to analysis_210429.md
[NbConvertApp] Converting notebook analysis_210429.ipynb to script
[NbConvertApp] Writing 19255 bytes to analysis_210429.py
[W 04:43:27.843 NotebookApp] SSL Error on 48 ('126.77.138.209', 54942): [SSL: SSLV3_ALERT_CERTIFICATE_UNKNOWN] sslv3 alert certificate unknown (_ssl.c:1091)
[W 04:43:27.859 NotebookApp] SSL Error on 48 ('126.77.138.209', 54943): [SSL: SSLV3_ALERT_CERTIFICATE_UNKNOWN] sslv3 alert certificate unknown (_ssl.c:1091)
[W 04:43:27.886 NotebookApp] SSL Error on 48 ('126.77.138.209', 54944): [SSL: SSLV3_ALERT_CERTIFICATE_UNKNOWN] sslv3 alert certificate unknown (_ssl.c:1091)
[I 04:43:54.161 NotebookApp] Saving file at /analysis_210429.ipynb
[NbConvertApp] Converting notebook analysis_210429.ipynb to markdown
[NbConvertApp] Writing 24079 bytes to analysis_210429.md
[NbConvertApp] Converting notebook analysis_210429.ipynb to script
[NbConvertApp] Writing 19258 bytes to analysis_210429.py
[I 04:44:19.249 NotebookApp] Saving file at /analysis_210429.ipynb
[NbConvertApp] Converting notebook analysis_210429.ipynb to markdown
[NbConvertApp] Writing 24101 bytes to analysis_210429.md
[NbConvertApp] Converting notebook analysis_210429.ipynb to script
[NbConvertApp] Writing 19280 bytes to analysis_210429.py
[I 04:45:06.107 NotebookApp] Saving file at /analysis_210429.ipynb
[NbConvertApp] Converting notebook analysis_210429.ipynb to markdown
[NbConvertApp] Writing 24475 bytes to analysis_210429.md
[NbConvertApp] Converting notebook analysis_210429.ipynb to script
[NbConvertApp] Writing 19283 bytes to analysis_210429.py
[I 04:47:21.916 NotebookApp] Saving file at /analysis_210429.ipynb
[NbConvertApp] Converting notebook analysis_210429.ipynb to markdown
[NbConvertApp] Writing 24475 bytes to analysis_210429.md
[NbConvertApp] Converting notebook analysis_210429.ipynb to script
[NbConvertApp] Writing 19283 bytes to analysis_210429.py
[I 04:51:20.738 NotebookApp] Saving file at /analysis_210429.ipynb
[NbConvertApp] Converting notebook analysis_210429.ipynb to markdown
[NbConvertApp] Writing 24487 bytes to analysis_210429.md
[NbConvertApp] Converting notebook analysis_210429.ipynb to script
[NbConvertApp] Writing 19295 bytes to analysis_210429.py
[I 04:53:09.255 NotebookApp] Saving file at /analysis_210429.ipynb
[NbConvertApp] Converting notebook analysis_210429.ipynb to markdown
[NbConvertApp] Writing 24632 bytes to analysis_210429.md
[NbConvertApp] Converting notebook analysis_210429.ipynb to script
[NbConvertApp] Writing 19440 bytes to analysis_210429.py
[W 04:55:20.753 NotebookApp] SSL Error on 11 ('126.77.138.209', 55061): [SSL: SSLV3_ALERT_CERTIFICATE_UNKNOWN] sslv3 alert certificate unknown (_ssl.c:1091)
[I 04:55:20.822 NotebookApp] Saving file at /analysis_210429.ipynb
[NbConvertApp] Converting notebook analysis_210429.ipynb to markdown
[NbConvertApp] Writing 24632 bytes to analysis_210429.md
[NbConvertApp] Converting notebook analysis_210429.ipynb to script
[NbConvertApp] Writing 19440 bytes to analysis_210429.py
[I 04:56:43.845 NotebookApp] Saving file at /analysis_210429.ipynb
[NbConvertApp] Converting notebook analysis_210429.ipynb to markdown
[NbConvertApp] Writing 24684 bytes to analysis_210429.md
[NbConvertApp] Converting notebook analysis_210429.ipynb to script
[NbConvertApp] Writing 19492 bytes to analysis_210429.py
[I 04:57:08.153 NotebookApp] Saving file at /analysis_210429.ipynb
[NbConvertApp] Converting notebook analysis_210429.ipynb to markdown
[NbConvertApp] Writing 24674 bytes to analysis_210429.md
[NbConvertApp] Converting notebook analysis_210429.ipynb to script
[NbConvertApp] Writing 19487 bytes to analysis_210429.py
[I 04:57:32.672 NotebookApp] Saving file at /analysis_210429.ipynb
[NbConvertApp] Converting notebook analysis_210429.ipynb to markdown
[NbConvertApp] Writing 24682 bytes to analysis_210429.md
[NbConvertApp] Converting notebook analysis_210429.ipynb to script
[NbConvertApp] Writing 19495 bytes to analysis_210429.py
[I 04:57:43.184 NotebookApp] Saving file at /analysis_210429.ipynb
[NbConvertApp] Converting notebook analysis_210429.ipynb to markdown
[NbConvertApp] Writing 24690 bytes to analysis_210429.md
[NbConvertApp] Converting notebook analysis_210429.ipynb to script
[NbConvertApp] Writing 19503 bytes to analysis_210429.py
[I 04:58:16.349 NotebookApp] Saving file at /analysis_210429.ipynb
[NbConvertApp] Converting notebook analysis_210429.ipynb to markdown
[NbConvertApp] Writing 24711 bytes to analysis_210429.md
[NbConvertApp] Converting notebook analysis_210429.ipynb to script
[NbConvertApp] Writing 19524 bytes to analysis_210429.py
[I 04:59:20.752 NotebookApp] Saving file at /analysis_210429.ipynb
[NbConvertApp] Converting notebook analysis_210429.ipynb to markdown
[NbConvertApp] Writing 24780 bytes to analysis_210429.md
[NbConvertApp] Converting notebook analysis_210429.ipynb to script
[NbConvertApp] Writing 19601 bytes to analysis_210429.py
[I 04:59:38.429 NotebookApp] Saving file at /analysis_210429.ipynb
[NbConvertApp] Converting notebook analysis_210429.ipynb to markdown
[NbConvertApp] Writing 24788 bytes to analysis_210429.md
[NbConvertApp] Converting notebook analysis_210429.ipynb to script
[NbConvertApp] Writing 19609 bytes to analysis_210429.py
[I 05:00:19.485 NotebookApp] Saving file at /analysis_210429.ipynb
[NbConvertApp] Converting notebook analysis_210429.ipynb to markdown
[NbConvertApp] Writing 24810 bytes to analysis_210429.md
[NbConvertApp] Converting notebook analysis_210429.ipynb to script
[NbConvertApp] Writing 19631 bytes to analysis_210429.py
[I 05:00:33.960 NotebookApp] Saving file at /analysis_210429.ipynb
[NbConvertApp] Converting notebook analysis_210429.ipynb to markdown
[NbConvertApp] Writing 24817 bytes to analysis_210429.md
[NbConvertApp] Converting notebook analysis_210429.ipynb to script
[NbConvertApp] Writing 19640 bytes to analysis_210429.py
[I 05:01:20.777 NotebookApp] Saving file at /analysis_210429.ipynb
[NbConvertApp] Converting notebook analysis_210429.ipynb to markdown
[NbConvertApp] Writing 24817 bytes to analysis_210429.md
[NbConvertApp] Converting notebook analysis_210429.ipynb to script
[NbConvertApp] Writing 19640 bytes to analysis_210429.py
[I 05:03:06.659 NotebookApp] Saving file at /analysis_210429.ipynb
[NbConvertApp] Converting notebook analysis_210429.ipynb to markdown
[NbConvertApp] Writing 24953 bytes to analysis_210429.md
[NbConvertApp] Converting notebook analysis_210429.ipynb to script
[NbConvertApp] Writing 19781 bytes to analysis_210429.py
[I 05:03:20.767 NotebookApp] Saving file at /analysis_210429.ipynb
[NbConvertApp] Converting notebook analysis_210429.ipynb to markdown
[NbConvertApp] Writing 24971 bytes to analysis_210429.md
[NbConvertApp] Converting notebook analysis_210429.ipynb to script
[NbConvertApp] Writing 19801 bytes to analysis_210429.py
[I 05:03:37.752 NotebookApp] Saving file at /analysis_210429.ipynb
[NbConvertApp] Converting notebook analysis_210429.ipynb to markdown
[NbConvertApp] Writing 24999 bytes to analysis_210429.md
[NbConvertApp] Converting notebook analysis_210429.ipynb to script
[NbConvertApp] Writing 19829 bytes to analysis_210429.py
[I 05:03:50.360 NotebookApp] Saving file at /analysis_210429.ipynb
[NbConvertApp] Converting notebook analysis_210429.ipynb to markdown
[NbConvertApp] Writing 24996 bytes to analysis_210429.md
[NbConvertApp] Converting notebook analysis_210429.ipynb to script
[NbConvertApp] Writing 19826 bytes to analysis_210429.py
[W 05:03:53.962 NotebookApp] SSL Error on 48 ('126.77.138.209', 55204): [SSL: SSLV3_ALERT_CERTIFICATE_UNKNOWN] sslv3 alert certificate unknown (_ssl.c:1091)
[W 05:03:54.016 NotebookApp] SSL Error on 48 ('126.77.138.209', 55205): [SSL: SSLV3_ALERT_CERTIFICATE_UNKNOWN] sslv3 alert certificate unknown (_ssl.c:1091)
[I 05:03:54.029 NotebookApp] Saving file at /analysis_210429.ipynb
[NbConvertApp] Converting notebook analysis_210429.ipynb to markdown
[NbConvertApp] Writing 24979 bytes to analysis_210429.md
[NbConvertApp] Converting notebook analysis_210429.ipynb to script
[NbConvertApp] Writing 19812 bytes to analysis_210429.py
[I 07:01:43.078 NotebookApp] 302 GET / (162.142.125.37) 0.950000ms
[I 07:01:43.611 NotebookApp] 302 GET / (162.142.125.37) 0.530000ms
[I 07:01:44.129 NotebookApp] 302 GET /tree (162.142.125.37) 0.840000ms
[W 07:18:16.155 NotebookApp] SSL Error on 11 ('68.183.80.18', 32906): [SSL: HTTP_REQUEST] http request (_ssl.c:1091)
[I 09:53:33.163 NotebookApp] Starting buffering for ce907615-5a66-4a12-9fb6-299964b63728:2de9eea3200242dfa2e3d4d7b4e43c7e
[W 09:53:34.025 NotebookApp] SSL Error on 10 ('126.77.138.209', 58062): [SSL: SSLV3_ALERT_CERTIFICATE_UNKNOWN] sslv3 alert certificate unknown (_ssl.c:1091)
[I 09:53:34.058 NotebookApp] Restoring connection for ce907615-5a66-4a12-9fb6-299964b63728:2de9eea3200242dfa2e3d4d7b4e43c7e
[W 09:56:04.061 NotebookApp] WebSocket ping timeout after 119989 ms.
[I 09:56:09.065 NotebookApp] Starting buffering for ce907615-5a66-4a12-9fb6-299964b63728:2de9eea3200242dfa2e3d4d7b4e43c7e
[W 10:38:20.903 NotebookApp] SSL Error on 10 ('126.77.138.209', 58136): [SSL: SSLV3_ALERT_CERTIFICATE_UNKNOWN] sslv3 alert certificate unknown (_ssl.c:1091)
[I 10:38:20.935 NotebookApp] Restoring connection for ce907615-5a66-4a12-9fb6-299964b63728:2de9eea3200242dfa2e3d4d7b4e43c7e
[I 10:39:25.780 NotebookApp] Starting buffering for ce907615-5a66-4a12-9fb6-299964b63728:2de9eea3200242dfa2e3d4d7b4e43c7e
[W 10:39:27.872 NotebookApp] SSL Error on 10 ('126.77.138.209', 58191): [SSL: SSLV3_ALERT_CERTIFICATE_UNKNOWN] sslv3 alert certificate unknown (_ssl.c:1091)
[I 10:39:27.906 NotebookApp] Restoring connection for ce907615-5a66-4a12-9fb6-299964b63728:2de9eea3200242dfa2e3d4d7b4e43c7e
[W 10:41:57.909 NotebookApp] WebSocket ping timeout after 119990 ms.
[I 10:42:02.912 NotebookApp] Starting buffering for ce907615-5a66-4a12-9fb6-299964b63728:2de9eea3200242dfa2e3d4d7b4e43c7e
[W 10:57:34.596 NotebookApp] SSL Error on 10 ('118.190.216.9', 60722): [SSL: HTTP_REQUEST] http request (_ssl.c:1091)
[W 13:16:58.311 NotebookApp] SSL Error on 10 ('126.77.138.209', 58355): [SSL: SSLV3_ALERT_CERTIFICATE_UNKNOWN] sslv3 alert certificate unknown (_ssl.c:1091)
[I 13:16:58.344 NotebookApp] Restoring connection for ce907615-5a66-4a12-9fb6-299964b63728:2de9eea3200242dfa2e3d4d7b4e43c7e
